Flow report for hello_world
Mon Jun 30 17:25:09 2025
Quartus Prime Version 24.1std.0 Build 1077 03/04/2025 SC Lite Edition


---------------------
; Table of Contents ;
---------------------
  1. Legal Notice
  2. Flow Summary
  3. Flow Settings
  4. Flow Non-Default Global Settings
  5. Flow Elapsed Time
  6. Flow OS Summary
  7. Flow Log
  8. Flow Messages
  9. Flow Suppressed Messages



----------------
; Legal Notice ;
----------------
Copyright (C) 2025  Altera Corporation. All rights reserved.
Your use of Altera Corporation's design tools, logic functions 
and other software and tools, and any partner logic 
functions, and any output files from any of the foregoing 
(including device programming or simulation files), and any 
associated documentation or information are expressly subject 
to the terms and conditions of the Altera Program License 
Subscription Agreement, the Altera Quartus Prime License Agreement,
the Altera IP License Agreement, or other applicable license
agreement, including, without limitation, that your use is for
the sole purpose of programming logic devices manufactured by
Altera and sold by Altera or its authorized distributors.  Please
refer to the Altera Software License Subscription Agreements 
on the Quartus Prime software download page.



+-----------------------------------------------------------------------------------+
; Flow Summary                                                                      ;
+---------------------------------+-------------------------------------------------+
; Flow Status                     ; Successful - Mon Jun 30 17:25:09 2025           ;
; Quartus Prime Version           ; 24.1std.0 Build 1077 03/04/2025 SC Lite Edition ;
; Revision Name                   ; hello_world                                     ;
; Top-level Entity Name           ; TopLevelSchematic                               ;
; Family                          ; Cyclone V                                       ;
; Device                          ; 5CSEMA5F31C6                                    ;
; Timing Models                   ; Final                                           ;
; Logic utilization (in ALMs)     ; 331 / 32,070 ( 1 % )                            ;
; Total registers                 ; 719                                             ;
; Total pins                      ; 16 / 457 ( 4 % )                                ;
; Total virtual pins              ; 0                                               ;
; Total block memory bits         ; 22,528 / 4,065,280 ( < 1 % )                    ;
; Total DSP Blocks                ; 0 / 87 ( 0 % )                                  ;
; Total HSSI RX PCSs              ; 0                                               ;
; Total HSSI PMA RX Deserializers ; 0                                               ;
; Total HSSI TX PCSs              ; 0                                               ;
; Total HSSI PMA TX Serializers   ; 0                                               ;
; Total PLLs                      ; 0 / 6 ( 0 % )                                   ;
; Total DLLs                      ; 0 / 4 ( 0 % )                                   ;
+---------------------------------+-------------------------------------------------+


+-----------------------------------------+
; Flow Settings                           ;
+-------------------+---------------------+
; Option            ; Setting             ;
+-------------------+---------------------+
; Start date & time ; 06/30/2025 17:24:03 ;
; Main task         ; Compilation         ;
; Revision Name     ; hello_world         ;
+-------------------+---------------------+


+-------------------------------------------------------------------------------------------------------------------------------------------------------------------------------------------------------------+
; Flow Non-Default Global Settings                                                                                                                                                                            ;
+--------------------------------------+---------------------------------------------------------------------------------------------------------------+---------------+-------------------+------------------+
; Assignment Name                      ; Value                                                                                                         ; Default Value ; Entity Name       ; Section Id       ;
+--------------------------------------+---------------------------------------------------------------------------------------------------------------+---------------+-------------------+------------------+
; COMPILER_SIGNATURE_ID                ; 10995770589198.175130064317332                                                                                ; --            ; --                ; --               ;
; EDA_DESIGN_INSTANCE_NAME             ; NA                                                                                                            ; --            ; --                ; testbench1       ;
; EDA_NATIVELINK_SIMULATION_TEST_BENCH ; testbench1                                                                                                    ; --            ; --                ; eda_simulation   ;
; EDA_OUTPUT_DATA_FORMAT               ; Verilog Hdl                                                                                                   ; --            ; --                ; eda_simulation   ;
; EDA_SIMULATION_TOOL                  ; Questa Intel FPGA (Verilog)                                                                                   ; <None>        ; --                ; --               ;
; EDA_TEST_BENCH_ENABLE_STATUS         ; TEST_BENCH_MODE                                                                                               ; --            ; --                ; eda_simulation   ;
; EDA_TEST_BENCH_FILE                  ; testbench1.vhd                                                                                                ; --            ; --                ; testbench1       ;
; EDA_TEST_BENCH_MODULE_NAME           ; testbench1                                                                                                    ; --            ; --                ; testbench1       ;
; EDA_TEST_BENCH_NAME                  ; testbench1                                                                                                    ; --            ; --                ; eda_simulation   ;
; EDA_TIME_SCALE                       ; 1 ps                                                                                                          ; --            ; --                ; eda_simulation   ;
; ENABLE_SIGNALTAP                     ; On                                                                                                            ; --            ; --                ; --               ;
; MAX_CORE_JUNCTION_TEMP               ; 85                                                                                                            ; --            ; --                ; --               ;
; MIN_CORE_JUNCTION_TEMP               ; 0                                                                                                             ; --            ; --                ; --               ;
; PARTITION_COLOR                      ; -- (Not supported for targeted family)                                                                        ; --            ; TopLevelSchematic ; Top              ;
; PARTITION_FITTER_PRESERVATION_LEVEL  ; -- (Not supported for targeted family)                                                                        ; --            ; TopLevelSchematic ; Top              ;
; PARTITION_NETLIST_TYPE               ; -- (Not supported for targeted family)                                                                        ; --            ; TopLevelSchematic ; Top              ;
; POWER_BOARD_THERMAL_MODEL            ; None (CONSERVATIVE)                                                                                           ; --            ; --                ; --               ;
; POWER_PRESET_COOLING_SOLUTION        ; 23 MM HEAT SINK WITH 200 LFPM AIRFLOW                                                                         ; --            ; --                ; --               ;
; SLD_FILE                             ; db/stp1_auto_stripped.stp                                                                                     ; --            ; --                ; --               ;
; SLD_NODE_CREATOR_ID                  ; 110                                                                                                           ; --            ; --                ; auto_signaltap_0 ;
; SLD_NODE_ENTITY_NAME                 ; sld_signaltap                                                                                                 ; --            ; --                ; auto_signaltap_0 ;
; SLD_NODE_PARAMETER_ASSIGNMENT        ; SLD_RAM_BLOCK_TYPE=AUTO                                                                                       ; --            ; --                ; auto_signaltap_0 ;
; SLD_NODE_PARAMETER_ASSIGNMENT        ; SLD_NODE_INFO=805334528                                                                                       ; --            ; --                ; auto_signaltap_0 ;
; SLD_NODE_PARAMETER_ASSIGNMENT        ; SLD_POWER_UP_TRIGGER=0                                                                                        ; --            ; --                ; auto_signaltap_0 ;
; SLD_NODE_PARAMETER_ASSIGNMENT        ; SLD_STORAGE_QUALIFIER_INVERSION_MASK_LENGTH=0                                                                 ; --            ; --                ; auto_signaltap_0 ;
; SLD_NODE_PARAMETER_ASSIGNMENT        ; SLD_ATTRIBUTE_MEM_MODE=OFF                                                                                    ; --            ; --                ; auto_signaltap_0 ;
; SLD_NODE_PARAMETER_ASSIGNMENT        ; SLD_STATE_FLOW_USE_GENERATED=0                                                                                ; --            ; --                ; auto_signaltap_0 ;
; SLD_NODE_PARAMETER_ASSIGNMENT        ; SLD_STATE_BITS=11                                                                                             ; --            ; --                ; auto_signaltap_0 ;
; SLD_NODE_PARAMETER_ASSIGNMENT        ; SLD_BUFFER_FULL_STOP=1                                                                                        ; --            ; --                ; auto_signaltap_0 ;
; SLD_NODE_PARAMETER_ASSIGNMENT        ; SLD_CURRENT_RESOURCE_WIDTH=1                                                                                  ; --            ; --                ; auto_signaltap_0 ;
; SLD_NODE_PARAMETER_ASSIGNMENT        ; SLD_INCREMENTAL_ROUTING=1                                                                                     ; --            ; --                ; auto_signaltap_0 ;
; SLD_NODE_PARAMETER_ASSIGNMENT        ; SLD_TRIGGER_LEVEL=1                                                                                           ; --            ; --                ; auto_signaltap_0 ;
; SLD_NODE_PARAMETER_ASSIGNMENT        ; SLD_TRIGGER_IN_ENABLED=0                                                                                      ; --            ; --                ; auto_signaltap_0 ;
; SLD_NODE_PARAMETER_ASSIGNMENT        ; SLD_TRIGGER_PIPELINE=0                                                                                        ; --            ; --                ; auto_signaltap_0 ;
; SLD_NODE_PARAMETER_ASSIGNMENT        ; SLD_RAM_PIPELINE=0                                                                                            ; --            ; --                ; auto_signaltap_0 ;
; SLD_NODE_PARAMETER_ASSIGNMENT        ; SLD_COUNTER_PIPELINE=0                                                                                        ; --            ; --                ; auto_signaltap_0 ;
; SLD_NODE_PARAMETER_ASSIGNMENT        ; SLD_ADVANCED_TRIGGER_ENTITY=basic,1,                                                                          ; --            ; --                ; auto_signaltap_0 ;
; SLD_NODE_PARAMETER_ASSIGNMENT        ; SLD_TRIGGER_LEVEL_PIPELINE=1                                                                                  ; --            ; --                ; auto_signaltap_0 ;
; SLD_NODE_PARAMETER_ASSIGNMENT        ; SLD_ENABLE_ADVANCED_TRIGGER=0                                                                                 ; --            ; --                ; auto_signaltap_0 ;
; SLD_NODE_PARAMETER_ASSIGNMENT        ; SLD_SEGMENT_SIZE=1024                                                                                         ; --            ; --                ; auto_signaltap_0 ;
; SLD_NODE_PARAMETER_ASSIGNMENT        ; SLD_SAMPLE_DEPTH=1024                                                                                         ; --            ; --                ; auto_signaltap_0 ;
; SLD_NODE_PARAMETER_ASSIGNMENT        ; SLD_DATA_BITS=22                                                                                              ; --            ; --                ; auto_signaltap_0 ;
; SLD_NODE_PARAMETER_ASSIGNMENT        ; SLD_TRIGGER_BITS=22                                                                                           ; --            ; --                ; auto_signaltap_0 ;
; SLD_NODE_PARAMETER_ASSIGNMENT        ; SLD_STORAGE_QUALIFIER_BITS=22                                                                                 ; --            ; --                ; auto_signaltap_0 ;
; SLD_NODE_PARAMETER_ASSIGNMENT        ; SLD_INVERSION_MASK=000000000000000000000000000000000000000000000000000000000000000000000000000000000000000000 ; --            ; --                ; auto_signaltap_0 ;
; SLD_NODE_PARAMETER_ASSIGNMENT        ; SLD_INVERSION_MASK_LENGTH=90                                                                                  ; --            ; --                ; auto_signaltap_0 ;
; TOP_LEVEL_ENTITY                     ; TopLevelSchematic                                                                                             ; hello_world   ; --                ; --               ;
; USE_SIGNALTAP_FILE                   ; stp1.stp                                                                                                      ; --            ; --                ; --               ;
+--------------------------------------+---------------------------------------------------------------------------------------------------------------+---------------+-------------------+------------------+


+--------------------------------------------------------------------------------------------------------------------------+
; Flow Elapsed Time                                                                                                        ;
+----------------------+--------------+-------------------------+---------------------+------------------------------------+
; Module Name          ; Elapsed Time ; Average Processors Used ; Peak Virtual Memory ; Total CPU Time (on all processors) ;
+----------------------+--------------+-------------------------+---------------------+------------------------------------+
; Analysis & Synthesis ; 00:00:15     ; 1.0                     ; 5029 MB             ; 00:00:27                           ;
; Partition Merge      ; 00:00:00     ; 1.0                     ; 4774 MB             ; 00:00:00                           ;
; Fitter               ; 00:00:34     ; 1.1                     ; 8123 MB             ; 00:03:48                           ;
; Assembler            ; 00:00:05     ; 1.0                     ; 5242 MB             ; 00:00:04                           ;
; Timing Analyzer      ; 00:00:06     ; 1.5                     ; 5435 MB             ; 00:00:06                           ;
; EDA Netlist Writer   ; 00:00:02     ; 1.0                     ; 4759 MB             ; 00:00:02                           ;
; Total                ; 00:01:02     ; --                      ; --                  ; 00:04:27                           ;
+----------------------+--------------+-------------------------+---------------------+------------------------------------+


+------------------------------------------------------------------------------------+
; Flow OS Summary                                                                    ;
+----------------------+------------------+------------+------------+----------------+
; Module Name          ; Machine Hostname ; OS Name    ; OS Version ; Processor type ;
+----------------------+------------------+------------+------------+----------------+
; Analysis & Synthesis ; Joes_Legion      ; Windows 10 ; 10.0       ; x86_64         ;
; Partition Merge      ; Joes_Legion      ; Windows 10 ; 10.0       ; x86_64         ;
; Fitter               ; Joes_Legion      ; Windows 10 ; 10.0       ; x86_64         ;
; Assembler            ; Joes_Legion      ; Windows 10 ; 10.0       ; x86_64         ;
; Timing Analyzer      ; Joes_Legion      ; Windows 10 ; 10.0       ; x86_64         ;
; EDA Netlist Writer   ; Joes_Legion      ; Windows 10 ; 10.0       ; x86_64         ;
+----------------------+------------------+------------+------------+----------------+


------------
; Flow Log ;
------------
quartus_map --read_settings_files=on --write_settings_files=off hello_world -c hello_world
quartus_cdb --read_settings_files=off --write_settings_files=off hello_world -c hello_world --merge=on
quartus_fit --read_settings_files=off --write_settings_files=off hello_world -c hello_world
quartus_asm --read_settings_files=off --write_settings_files=off hello_world -c hello_world
quartus_sta hello_world -c hello_world
quartus_eda --read_settings_files=off --write_settings_files=off hello_world -c hello_world



